<?xml version="1.0" encoding="UTF-8"?>
<testng-results ignored="0" total="1" passed="1" failed="0" skipped="0">
  <reporter-output>
  </reporter-output>
  <suite started-at="2024-05-08T15:56:45 IST" name="Default suite" finished-at="2024-05-08T15:57:17 IST" duration-ms="32331">
    <groups>
    </groups>
    <test started-at="2024-05-08T15:56:45 IST" name="Default test" finished-at="2024-05-08T15:57:17 IST" duration-ms="32331">
      <class name="com.blogspot.testautomationpractice.TestLayer.AutomationTestingPracticePageTest">
        <test-method is-config="true" signature="setUp()[pri:0, instance:com.blogspot.testautomationpractice.TestLayer.AutomationTestingPracticePageTest@45099dd3]" started-at="2024-05-08T15:56:45 IST" name="setUp" finished-at="2024-05-08T15:57:09 IST" duration-ms="23836" status="PASS">
          <reporter-output>
          </reporter-output>
        </test-method> <!-- setUp -->
        <test-method signature="automationTestingPractice_functionality()[pri:0, instance:com.blogspot.testautomationpractice.TestLayer.AutomationTestingPracticePageTest@45099dd3]" started-at="2024-05-08T15:57:09 IST" name="automationTestingPractice_functionality" finished-at="2024-05-08T15:57:17 IST" duration-ms="8418" status="PASS">
          <reporter-output>
          </reporter-output>
        </test-method> <!-- automationTestingPractice_functionality -->
        <test-method is-config="true" signature="teardown()[pri:0, instance:com.blogspot.testautomationpractice.TestLayer.AutomationTestingPracticePageTest@45099dd3]" started-at="2024-05-08T15:57:17 IST" name="teardown" finished-at="2024-05-08T15:57:17 IST" duration-ms="2" status="PASS">
          <reporter-output>
          </reporter-output>
        </test-method> <!-- teardown -->
      </class> <!-- com.blogspot.testautomationpractice.TestLayer.AutomationTestingPracticePageTest -->
    </test> <!-- Default test -->
  </suite> <!-- Default suite -->
</testng-results>
